=== BUILD START: Tue Apr 21 12:13:49 EDT 2026 ===
HASH: 12f869f
Using PICO_SDK_PATH from environment ('/Users/arturomena/pico-sdk')
PICO_SDK_PATH is /Users/arturomena/pico-sdk
Defaulting platform (PICO_PLATFORM) to 'rp2040' since not specified.
Defaulting target board (PICO_BOARD) to 'pico' since not specified.
Using board configuration from /Users/arturomena/pico-sdk/src/boards/include/boards/pico.h
Pico Platform (PICO_PLATFORM) is 'rp2040'.
-- Defaulting build type to 'Release' since not specified.
Defaulting compiler (PICO_COMPILER) to 'pico_arm_cortex_m0plus_gcc' since not specified.
Configuring toolchain based on PICO_COMPILER 'pico_arm_cortex_m0plus_gcc'
Defaulting PICO_GCC_TRIPLE to 'arm-none-eabi'
-- The C compiler identification is GNU 14.2.1
-- The CXX compiler identification is GNU 14.2.1
-- The ASM compiler identification is GNU
-- Found assembler: /usr/local/bin/arm-none-eabi-gcc
-- Detecting C compiler ABI info
-- Detecting C compiler ABI info - done
-- Check for working C compiler: /usr/local/bin/arm-none-eabi-gcc - skipped
-- Detecting C compile features
-- Detecting C compile features - done
-- Detecting CXX compiler ABI info
-- Detecting CXX compiler ABI info - done
-- Check for working CXX compiler: /usr/local/bin/arm-none-eabi-g++ - skipped
-- Detecting CXX compile features
-- Detecting CXX compile features - done
Build type is Release
-- Found Python3: /usr/local/Frameworks/Python.framework/Versions/3.14/bin/python3.14 (found version "3.14.4") found components: Interpreter
TinyUSB available at /Users/arturomena/pico-sdk/lib/tinyusb/hw/bsp/rp2040; enabling build support for USB.
BTstack available at /Users/arturomena/pico-sdk/lib/btstack
cyw43-driver available at /Users/arturomena/pico-sdk/lib/cyw43-driver
mbedtls available at /Users/arturomena/pico-sdk/lib/mbedtls
lwIP available at /Users/arturomena/pico-sdk/lib/lwip
CMake Warning at /Users/arturomena/pico-sdk/tools/Findpicotool.cmake:30 (message):
  No installed picotool with version 2.1.1 found - building from source

  It is recommended to build and install picotool separately, or to set
  PICOTOOL_FETCH_FROM_GIT_PATH to a common directory for all your SDK
  projects
Call Stack (most recent call first):
  /Users/arturomena/pico-sdk/tools/CMakeLists.txt:168 (find_package)
  /Users/arturomena/pico-sdk/tools/CMakeLists.txt:688 (pico_init_picotool)
  /Users/arturomena/pico-sdk/src/cmake/on_device.cmake:81 (picotool_postprocess_binary)
  CMakeLists.txt:42 (pico_add_extra_outputs)


Downloading Picotool
Using picotool from /Users/arturomena/coqui-runtime/build/_deps/picotool/picotool
-- Configuring done (3.1s)
-- Generating done (0.3s)
-- Build files have been written to: /Users/arturomena/coqui-runtime/build
--- Compiling ---
[  0%] Building ASM object pico-sdk/src/rp2040/boot_stage2/CMakeFiles/bs2_default.dir/compile_time_choice.S.o
[  0%] Built target picotoolForceReconfigure
[  1%] Linking ASM executable bs2_default.elf
[  2%] Creating directories for 'picotoolBuild'
[  3%] No download step for 'picotoolBuild'
[  3%] Built target bs2_default
[  4%] Generating bs2_default.bin
[  5%] Generating bs2_default_padded_checksummed.S
[  5%] No update step for 'picotoolBuild'
[  6%] No patch step for 'picotoolBuild'
[  7%] Performing configure step for 'picotoolBuild'
[  8%] Building ASM object pico-sdk/src/rp2040/boot_stage2/CMakeFiles/bs2_default_library.dir/bs2_default_padded_checksummed.S.o
[  8%] Built target bs2_default_library
Not searching for unused variables given on the command line.
-- The C compiler identification is AppleClang 15.0.0.15000100
-- The CXX compiler identification is AppleClang 15.0.0.15000100
-- Detecting C compiler ABI info
-- Detecting C compiler ABI info - done
-- Check for working C compiler: /usr/bin/cc - skipped
-- Detecting C compile features
-- Detecting C compile features - done
-- Detecting CXX compiler ABI info
-- Detecting CXX compiler ABI info - done
-- Check for working CXX compiler: /usr/bin/c++ - skipped
-- Detecting CXX compile features
-- Detecting CXX compile features - done
-- Using the single-header code from /Users/arturomena/coqui-runtime/build/_deps/picotool-src/lib/nlohmann_json/single_include/
PICOTOOL_NO_LIBUSB is set - no USB support will be built
-- Configuring done (1.4s)
-- Generating done (0.1s)
-- Build files have been written to: /Users/arturomena/coqui-runtime/build/_deps/picotool-build
[ 10%] Performing build step for 'picotoolBuild'
-- The C compiler identification is AppleClang 15.0.0.15000100
-- The C compiler identification is AppleClang 15.0.0.15000100
-- The CXX compiler identification is AppleClang 15.0.0.15000100
-- The CXX compiler identification is AppleClang 15.0.0.15000100
-- The ASM compiler identification is AppleClang
-- The ASM compiler identification is AppleClang
-- Found assembler: /usr/bin/cc
-- Found assembler: /usr/bin/cc
-- Detecting C compiler ABI info
-- Detecting C compiler ABI info
[  2%] Built target errors
-- Detecting C compiler ABI info - done
-- Detecting C compiler ABI info - done
-- Check for working C compiler: /usr/bin/cc - skipped
-- Detecting C compile features
-- Check for working C compiler: /usr/bin/cc - skipped
-- Detecting C compile features - done
-- Detecting C compile features
-- Detecting C compile features - done
-- Detecting CXX compiler ABI info
-- Detecting CXX compiler ABI info
-- Detecting CXX compiler ABI info - done
-- Detecting CXX compiler ABI info - done
-- Check for working CXX compiler: /usr/bin/c++ - skipped
-- Check for working CXX compiler: /usr/bin/c++ - skipped
-- Detecting CXX compile features
-- Detecting CXX compile features
-- Detecting CXX compile features - done
-- Detecting CXX compile features - done
Using precompiled enc_bootloader.elf
-- Configuring done (2.1s)
Using precompiled enc_bootloader.elf
-- Configuring done (2.2s)
-- Generating done (0.0s)
-- Generating done (0.0s)
-- Build files have been written to: /Users/arturomena/coqui-runtime/build/_deps/picotool-build/enc_bootloader
-- Build files have been written to: /Users/arturomena/coqui-runtime/build/_deps/picotool-build/enc_bootloader_mbedtls
[  9%] Built target enc_bootloader_mbedtls
[ 16%] Built target enc_bootloader
[ 18%] Built target embedded_data_no_libusb
/Applications/Xcode.app/Contents/Developer/Toolchains/XcodeDefault.xctoolchain/usr/bin/ranlib: file: libmbedtls.a(aria.c.o) has no symbols
/Applications/Xcode.app/Contents/Developer/Toolchains/XcodeDefault.xctoolchain/usr/bin/ranlib: file: libmbedtls.a(ccm.c.o) has no symbols
/Applications/Xcode.app/Contents/Developer/Toolchains/XcodeDefault.xctoolchain/usr/bin/ranlib: file: libmbedtls.a(chacha20.c.o) has no symbols
/Applications/Xcode.app/Contents/Developer/Toolchains/XcodeDefault.xctoolchain/usr/bin/ranlib: file: libmbedtls.a(chachapoly.c.o) has no symbols
/Applications/Xcode.app/Contents/Developer/Toolchains/XcodeDefault.xctoolchain/usr/bin/ranlib: file: libmbedtls.a(cmac.c.o) has no symbols
/Applications/Xcode.app/Contents/Developer/Toolchains/XcodeDefault.xctoolchain/usr/bin/ranlib: file: libmbedtls.a(des.c.o) has no symbols
/Applications/Xcode.app/Contents/Developer/Toolchains/XcodeDefault.xctoolchain/usr/bin/ranlib: file: libmbedtls.a(dhm.c.o) has no symbols
/Applications/Xcode.app/Contents/Developer/Toolchains/XcodeDefault.xctoolchain/usr/bin/ranlib: file: libmbedtls.a(ecdh.c.o) has no symbols
/Applications/Xcode.app/Contents/Developer/Toolchains/XcodeDefault.xctoolchain/usr/bin/ranlib: file: libmbedtls.a(ecjpake.c.o) has no symbols
/Applications/Xcode.app/Contents/Developer/Toolchains/XcodeDefault.xctoolchain/usr/bin/ranlib: file: libmbedtls.a(gcm.c.o) has no symbols
/Applications/Xcode.app/Contents/Developer/Toolchains/XcodeDefault.xctoolchain/usr/bin/ranlib: file: libmbedtls.a(memory_buffer_alloc.c.o) has no symbols
/Applications/Xcode.app/Contents/Developer/Toolchains/XcodeDefault.xctoolchain/usr/bin/ranlib: file: libmbedtls.a(mps_reader.c.o) has no symbols
/Applications/Xcode.app/Contents/Developer/Toolchains/XcodeDefault.xctoolchain/usr/bin/ranlib: file: libmbedtls.a(mps_trace.c.o) has no symbols
/Applications/Xcode.app/Contents/Developer/Toolchains/XcodeDefault.xctoolchain/usr/bin/ranlib: file: libmbedtls.a(nist_kw.c.o) has no symbols
/Applications/Xcode.app/Contents/Developer/Toolchains/XcodeDefault.xctoolchain/usr/bin/ranlib: file: libmbedtls.a(padlock.c.o) has no symbols
/Applications/Xcode.app/Contents/Developer/Toolchains/XcodeDefault.xctoolchain/usr/bin/ranlib: file: libmbedtls.a(psa_crypto.c.o) has no symbols
/Applications/Xcode.app/Contents/Developer/Toolchains/XcodeDefault.xctoolchain/usr/bin/ranlib: file: libmbedtls.a(psa_crypto_aead.c.o) has no symbols
/Applications/Xcode.app/Contents/Developer/Toolchains/XcodeDefault.xctoolchain/usr/bin/ranlib: file: libmbedtls.a(psa_crypto_cipher.c.o) has no symbols
/Applications/Xcode.app/Contents/Developer/Toolchains/XcodeDefault.xctoolchain/usr/bin/ranlib: file: libmbedtls.a(psa_crypto_client.c.o) has no symbols
/Applications/Xcode.app/Contents/Developer/Toolchains/XcodeDefault.xctoolchain/usr/bin/ranlib: file: libmbedtls.a(psa_crypto_ecp.c.o) has no symbols
/Applications/Xcode.app/Contents/Developer/Toolchains/XcodeDefault.xctoolchain/usr/bin/ranlib: file: libmbedtls.a(psa_crypto_hash.c.o) has no symbols
/Applications/Xcode.app/Contents/Developer/Toolchains/XcodeDefault.xctoolchain/usr/bin/ranlib: file: libmbedtls.a(psa_crypto_mac.c.o) has no symbols
/Applications/Xcode.app/Contents/Developer/Toolchains/XcodeDefault.xctoolchain/usr/bin/ranlib: file: libmbedtls.a(psa_crypto_rsa.c.o) has no symbols
/Applications/Xcode.app/Contents/Developer/Toolchains/XcodeDefault.xctoolchain/usr/bin/ranlib: file: libmbedtls.a(psa_crypto_se.c.o) has no symbols
/Applications/Xcode.app/Contents/Developer/Toolchains/XcodeDefault.xctoolchain/usr/bin/ranlib: file: libmbedtls.a(psa_crypto_slot_management.c.o) has no symbols
/Applications/Xcode.app/Contents/Developer/Toolchains/XcodeDefault.xctoolchain/usr/bin/ranlib: file: libmbedtls.a(psa_crypto_storage.c.o) has no symbols
/Applications/Xcode.app/Contents/Developer/Toolchains/XcodeDefault.xctoolchain/usr/bin/ranlib: file: libmbedtls.a(psa_its_file.c.o) has no symbols
/Applications/Xcode.app/Contents/Developer/Toolchains/XcodeDefault.xctoolchain/usr/bin/ranlib: file: libmbedtls.a(ripemd160.c.o) has no symbols
/Applications/Xcode.app/Contents/Developer/Toolchains/XcodeDefault.xctoolchain/usr/bin/ranlib: file: libmbedtls.a(rsa.c.o) has no symbols
/Applications/Xcode.app/Contents/Developer/Toolchains/XcodeDefault.xctoolchain/usr/bin/ranlib: file: libmbedtls.a(threading.c.o) has no symbols
/Applications/Xcode.app/Contents/Developer/Toolchains/XcodeDefault.xctoolchain/usr/bin/ranlib: file: libmbedtls.a(rsa_alt_helpers.c.o) has no symbols
/Applications/Xcode.app/Contents/Developer/Toolchains/XcodeDefault.xctoolchain/usr/bin/ranlib: file: libmbedtls.a(aria.c.o) has no symbols
/Applications/Xcode.app/Contents/Developer/Toolchains/XcodeDefault.xctoolchain/usr/bin/ranlib: file: libmbedtls.a(ccm.c.o) has no symbols
/Applications/Xcode.app/Contents/Developer/Toolchains/XcodeDefault.xctoolchain/usr/bin/ranlib: file: libmbedtls.a(chacha20.c.o) has no symbols
/Applications/Xcode.app/Contents/Developer/Toolchains/XcodeDefault.xctoolchain/usr/bin/ranlib: file: libmbedtls.a(chachapoly.c.o) has no symbols
/Applications/Xcode.app/Contents/Developer/Toolchains/XcodeDefault.xctoolchain/usr/bin/ranlib: file: libmbedtls.a(cmac.c.o) has no symbols
/Applications/Xcode.app/Contents/Developer/Toolchains/XcodeDefault.xctoolchain/usr/bin/ranlib: file: libmbedtls.a(des.c.o) has no symbols
/Applications/Xcode.app/Contents/Developer/Toolchains/XcodeDefault.xctoolchain/usr/bin/ranlib: file: libmbedtls.a(dhm.c.o) has no symbols
/Applications/Xcode.app/Contents/Developer/Toolchains/XcodeDefault.xctoolchain/usr/bin/ranlib: file: libmbedtls.a(ecdh.c.o) has no symbols
/Applications/Xcode.app/Contents/Developer/Toolchains/XcodeDefault.xctoolchain/usr/bin/ranlib: file: libmbedtls.a(ecjpake.c.o) has no symbols
/Applications/Xcode.app/Contents/Developer/Toolchains/XcodeDefault.xctoolchain/usr/bin/ranlib: file: libmbedtls.a(gcm.c.o) has no symbols
/Applications/Xcode.app/Contents/Developer/Toolchains/XcodeDefault.xctoolchain/usr/bin/ranlib: file: libmbedtls.a(memory_buffer_alloc.c.o) has no symbols
/Applications/Xcode.app/Contents/Developer/Toolchains/XcodeDefault.xctoolchain/usr/bin/ranlib: file: libmbedtls.a(mps_reader.c.o) has no symbols
/Applications/Xcode.app/Contents/Developer/Toolchains/XcodeDefault.xctoolchain/usr/bin/ranlib: file: libmbedtls.a(mps_trace.c.o) has no symbols
/Applications/Xcode.app/Contents/Developer/Toolchains/XcodeDefault.xctoolchain/usr/bin/ranlib: file: libmbedtls.a(nist_kw.c.o) has no symbols
/Applications/Xcode.app/Contents/Developer/Toolchains/XcodeDefault.xctoolchain/usr/bin/ranlib: file: libmbedtls.a(padlock.c.o) has no symbols
/Applications/Xcode.app/Contents/Developer/Toolchains/XcodeDefault.xctoolchain/usr/bin/ranlib: file: libmbedtls.a(psa_crypto.c.o) has no symbols
/Applications/Xcode.app/Contents/Developer/Toolchains/XcodeDefault.xctoolchain/usr/bin/ranlib: file: libmbedtls.a(psa_crypto_aead.c.o) has no symbols
/Applications/Xcode.app/Contents/Developer/Toolchains/XcodeDefault.xctoolchain/usr/bin/ranlib: file: libmbedtls.a(psa_crypto_cipher.c.o) has no symbols
/Applications/Xcode.app/Contents/Developer/Toolchains/XcodeDefault.xctoolchain/usr/bin/ranlib: file: libmbedtls.a(psa_crypto_client.c.o) has no symbols
/Applications/Xcode.app/Contents/Developer/Toolchains/XcodeDefault.xctoolchain/usr/bin/ranlib: file: libmbedtls.a(psa_crypto_ecp.c.o) has no symbols
/Applications/Xcode.app/Contents/Developer/Toolchains/XcodeDefault.xctoolchain/usr/bin/ranlib: file: libmbedtls.a(psa_crypto_hash.c.o) has no symbols
/Applications/Xcode.app/Contents/Developer/Toolchains/XcodeDefault.xctoolchain/usr/bin/ranlib: file: libmbedtls.a(psa_crypto_mac.c.o) has no symbols
/Applications/Xcode.app/Contents/Developer/Toolchains/XcodeDefault.xctoolchain/usr/bin/ranlib: file: libmbedtls.a(psa_crypto_rsa.c.o) has no symbols
/Applications/Xcode.app/Contents/Developer/Toolchains/XcodeDefault.xctoolchain/usr/bin/ranlib: file: libmbedtls.a(psa_crypto_se.c.o) has no symbols
/Applications/Xcode.app/Contents/Developer/Toolchains/XcodeDefault.xctoolchain/usr/bin/ranlib: file: libmbedtls.a(psa_crypto_slot_management.c.o) has no symbols
/Applications/Xcode.app/Contents/Developer/Toolchains/XcodeDefault.xctoolchain/usr/bin/ranlib: file: libmbedtls.a(psa_crypto_storage.c.o) has no symbols
/Applications/Xcode.app/Contents/Developer/Toolchains/XcodeDefault.xctoolchain/usr/bin/ranlib: file: libmbedtls.a(psa_its_file.c.o) has no symbols
/Applications/Xcode.app/Contents/Developer/Toolchains/XcodeDefault.xctoolchain/usr/bin/ranlib: file: libmbedtls.a(ripemd160.c.o) has no symbols
/Applications/Xcode.app/Contents/Developer/Toolchains/XcodeDefault.xctoolchain/usr/bin/ranlib: file: libmbedtls.a(rsa.c.o) has no symbols
/Applications/Xcode.app/Contents/Developer/Toolchains/XcodeDefault.xctoolchain/usr/bin/ranlib: file: libmbedtls.a(threading.c.o) has no symbols
/Applications/Xcode.app/Contents/Developer/Toolchains/XcodeDefault.xctoolchain/usr/bin/ranlib: file: libmbedtls.a(rsa_alt_helpers.c.o) has no symbols
[ 86%] Built target mbedtls
[ 88%] Built target elf
[ 90%] Built target elf2uf2
[ 92%] Built target bintool
ld: warning: ignoring duplicate libraries: 'errors/liberrors.a'
[100%] Built target picotool
[ 11%] Performing install step for 'picotoolBuild'
[  2%] Built target errors
[ 55%] Built target elf
[ 72%] Built target mbedtls
[ 84%] Built target enc_bootloader_mbedtls
[ 86%] Built target enc_bootloader
[ 88%] Built target elf2uf2
[ 90%] Built target bintool
[ 92%] Built target embedded_data_no_libusb
[100%] Built target picotool
Install the project...
-- Install configuration: "Release"
[ 12%] Performing test step for 'picotoolBuild'
picotool v2.2.0 (Darwin, AppleClang-15.0.0.15000100, Release)

This version of picotool was compiled without USB support. Some commands are not available.
[ 13%] Completed 'picotoolBuild'
[ 13%] Built target picotoolBuild
[ 14%] Building C object CMakeFiles/coqui_mjs.dir/Users/arturomena/pico-sdk/src/rp2040/pico_platform/platform.c.o
[ 15%] Building C object CMakeFiles/coqui_mjs.dir/main.c.o
[ 16%] Building C object CMakeFiles/coqui_mjs.dir/mquickjs/cutils.c.o
[ 17%] Building C object CMakeFiles/coqui_mjs.dir/mquickjs/mquickjs.c.o
[ 17%] Building C object CMakeFiles/coqui_mjs.dir/stubs.c.o
[ 18%] Building C object CMakeFiles/coqui_mjs.dir/Users/arturomena/pico-sdk/src/rp2_common/hardware_gpio/gpio.c.o
[ 20%] Building C object CMakeFiles/coqui_mjs.dir/hardware.c.o
[ 21%] Building C object CMakeFiles/coqui_mjs.dir/Users/arturomena/pico-sdk/src/rp2_common/pico_stdlib/stdlib.c.o
[ 22%] Building C object CMakeFiles/coqui_mjs.dir/Users/arturomena/pico-sdk/src/rp2_common/pico_platform_common/common.c.o
[ 23%] Building C object CMakeFiles/coqui_mjs.dir/Users/arturomena/pico-sdk/src/rp2_common/pico_platform_panic/panic.c.o
[ 24%] Building C object CMakeFiles/coqui_mjs.dir/Users/arturomena/pico-sdk/src/common/hardware_claim/claim.c.o
[ 24%] Building C object CMakeFiles/coqui_mjs.dir/Users/arturomena/pico-sdk/src/rp2_common/hardware_sync/sync.c.o
[ 25%] Building C object CMakeFiles/coqui_mjs.dir/Users/arturomena/pico-sdk/src/rp2_common/hardware_sync_spin_lock/sync_spin_lock.c.o
[ 26%] Building C object CMakeFiles/coqui_mjs.dir/Users/arturomena/pico-sdk/src/rp2_common/hardware_irq/irq.c.o
[ 27%] Building ASM object CMakeFiles/coqui_mjs.dir/Users/arturomena/pico-sdk/src/rp2_common/hardware_irq/irq_handler_chain.S.o
[ 28%] Building C object CMakeFiles/coqui_mjs.dir/Users/arturomena/pico-sdk/src/common/pico_sync/sem.c.o
[ 30%] Building C object CMakeFiles/coqui_mjs.dir/Users/arturomena/pico-sdk/src/common/pico_sync/lock_core.c.o
[ 31%] Building C object CMakeFiles/coqui_mjs.dir/Users/arturomena/pico-sdk/src/common/pico_sync/mutex.c.o
[ 32%] Building C object CMakeFiles/coqui_mjs.dir/Users/arturomena/pico-sdk/src/common/pico_sync/critical_section.c.o
[ 33%] Building C object CMakeFiles/coqui_mjs.dir/Users/arturomena/pico-sdk/src/common/pico_time/time.c.o
[ 33%] Building C object CMakeFiles/coqui_mjs.dir/Users/arturomena/pico-sdk/src/common/pico_time/timeout_helper.c.o
[ 34%] Building C object CMakeFiles/coqui_mjs.dir/Users/arturomena/pico-sdk/src/rp2_common/hardware_timer/timer.c.o
[ 35%] Building C object CMakeFiles/coqui_mjs.dir/Users/arturomena/pico-sdk/src/common/pico_util/datetime.c.o
[ 36%] Building C object CMakeFiles/coqui_mjs.dir/Users/arturomena/pico-sdk/src/common/pico_util/pheap.c.o
[ 37%] Building C object CMakeFiles/coqui_mjs.dir/Users/arturomena/pico-sdk/src/common/pico_util/queue.c.o
[ 38%] Building C object CMakeFiles/coqui_mjs.dir/Users/arturomena/pico-sdk/src/rp2_common/hardware_uart/uart.c.o
[ 40%] Building C object CMakeFiles/coqui_mjs.dir/Users/arturomena/pico-sdk/src/rp2_common/hardware_clocks/clocks.c.o
[ 41%] Building C object CMakeFiles/coqui_mjs.dir/Users/arturomena/pico-sdk/src/rp2_common/hardware_pll/pll.c.o
[ 41%] Building C object CMakeFiles/coqui_mjs.dir/Users/arturomena/pico-sdk/src/rp2_common/hardware_vreg/vreg.c.o
[ 42%] Building C object CMakeFiles/coqui_mjs.dir/Users/arturomena/pico-sdk/src/rp2_common/hardware_watchdog/watchdog.c.o
[ 43%] Building C object CMakeFiles/coqui_mjs.dir/Users/arturomena/pico-sdk/src/rp2_common/hardware_ticks/ticks.c.o
[ 44%] Building C object CMakeFiles/coqui_mjs.dir/Users/arturomena/pico-sdk/src/rp2_common/pico_bootrom/bootrom.c.o
[ 45%] Building C object CMakeFiles/coqui_mjs.dir/Users/arturomena/pico-sdk/src/rp2_common/pico_bootrom/bootrom_lock.c.o
[ 46%] Building C object CMakeFiles/coqui_mjs.dir/Users/arturomena/pico-sdk/src/rp2_common/hardware_boot_lock/boot_lock.c.o
[ 47%] Building C object CMakeFiles/coqui_mjs.dir/Users/arturomena/pico-sdk/src/rp2_common/pico_flash/flash.c.o
[ 48%] Building C object CMakeFiles/coqui_mjs.dir/Users/arturomena/pico-sdk/src/rp2_common/hardware_xosc/xosc.c.o
[ 50%] Building ASM object CMakeFiles/coqui_mjs.dir/Users/arturomena/pico-sdk/src/rp2_common/hardware_divider/divider.S.o
[ 50%] Building C object CMakeFiles/coqui_mjs.dir/Users/arturomena/pico-sdk/src/rp2_common/pico_runtime/runtime.c.o
[ 51%] Building C object CMakeFiles/coqui_mjs.dir/Users/arturomena/pico-sdk/src/rp2_common/pico_runtime_init/runtime_init.c.o
[ 52%] Building C object CMakeFiles/coqui_mjs.dir/Users/arturomena/pico-sdk/src/rp2_common/pico_runtime_init/runtime_init_clocks.c.o
[ 53%] Building C object CMakeFiles/coqui_mjs.dir/Users/arturomena/pico-sdk/src/rp2_common/pico_runtime_init/runtime_init_stack_guard.c.o
[ 54%] Building ASM object CMakeFiles/coqui_mjs.dir/Users/arturomena/pico-sdk/src/rp2_common/pico_bit_ops/bit_ops_aeabi.S.o
[ 55%] Building ASM object CMakeFiles/coqui_mjs.dir/Users/arturomena/pico-sdk/src/rp2_common/pico_divider/divider_hardware.S.o
[ 56%] Building ASM object CMakeFiles/coqui_mjs.dir/Users/arturomena/pico-sdk/src/rp2_common/pico_double/double_aeabi_rp2040.S.o
[ 57%] Building C object CMakeFiles/coqui_mjs.dir/Users/arturomena/pico-sdk/src/rp2_common/pico_double/double_init_rom_rp2040.c.o
[ 58%] Building C object CMakeFiles/coqui_mjs.dir/Users/arturomena/pico-sdk/src/rp2_common/pico_double/double_math.c.o
[ 58%] Building ASM object CMakeFiles/coqui_mjs.dir/Users/arturomena/pico-sdk/src/rp2_common/pico_double/double_v1_rom_shim_rp2040.S.o
[ 60%] Building ASM object CMakeFiles/coqui_mjs.dir/Users/arturomena/pico-sdk/src/rp2_common/pico_int64_ops/pico_int64_ops_aeabi.S.o
[ 61%] Building ASM object CMakeFiles/coqui_mjs.dir/Users/arturomena/pico-sdk/src/rp2_common/pico_float/float_aeabi_rp2040.S.o
[ 62%] Building C object CMakeFiles/coqui_mjs.dir/Users/arturomena/pico-sdk/src/rp2_common/pico_float/float_init_rom_rp2040.c.o
[ 63%] Building C object CMakeFiles/coqui_mjs.dir/Users/arturomena/pico-sdk/src/rp2_common/pico_float/float_math.c.o
[ 64%] Building ASM object CMakeFiles/coqui_mjs.dir/Users/arturomena/pico-sdk/src/rp2_common/pico_float/float_v1_rom_shim_rp2040.S.o
[ 65%] Building C object CMakeFiles/coqui_mjs.dir/Users/arturomena/pico-sdk/src/rp2_common/pico_malloc/malloc.c.o
[ 66%] Building ASM object CMakeFiles/coqui_mjs.dir/Users/arturomena/pico-sdk/src/rp2_common/pico_mem_ops/mem_ops_aeabi.S.o
[ 66%] Building C object CMakeFiles/coqui_mjs.dir/Users/arturomena/pico-sdk/src/rp2_common/pico_atomic/atomic.c.o
[ 67%] Building CXX object CMakeFiles/coqui_mjs.dir/Users/arturomena/pico-sdk/src/rp2_common/pico_cxx_options/new_delete.cpp.o
[ 68%] Building C object CMakeFiles/coqui_mjs.dir/Users/arturomena/pico-sdk/src/rp2_common/pico_standard_binary_info/standard_binary_info.c.o
[ 70%] Building C object CMakeFiles/coqui_mjs.dir/Users/arturomena/pico-sdk/src/rp2_common/pico_printf/printf.c.o
[ 71%] Building ASM object CMakeFiles/coqui_mjs.dir/Users/arturomena/pico-sdk/src/rp2_common/pico_crt0/crt0.S.o
[ 72%] Building C object CMakeFiles/coqui_mjs.dir/Users/arturomena/pico-sdk/src/rp2_common/pico_clib_interface/newlib_interface.c.o
[ 73%] Building C object CMakeFiles/coqui_mjs.dir/Users/arturomena/pico-sdk/src/rp2_common/pico_stdio/stdio.c.o
[ 74%] Building C object CMakeFiles/coqui_mjs.dir/Users/arturomena/pico-sdk/src/rp2_common/pico_stdio_uart/stdio_uart.c.o
[ 75%] Building C object CMakeFiles/coqui_mjs.dir/Users/arturomena/pico-sdk/src/rp2_common/pico_stdio_usb/reset_interface.c.o
[ 75%] Building C object CMakeFiles/coqui_mjs.dir/Users/arturomena/pico-sdk/src/rp2_common/pico_stdio_usb/stdio_usb.c.o
[ 76%] Building C object CMakeFiles/coqui_mjs.dir/Users/arturomena/pico-sdk/src/rp2_common/pico_stdio_usb/stdio_usb_descriptors.c.o
[ 77%] Building C object CMakeFiles/coqui_mjs.dir/Users/arturomena/pico-sdk/src/rp2_common/pico_unique_id/unique_id.c.o
[ 78%] Building C object CMakeFiles/coqui_mjs.dir/Users/arturomena/pico-sdk/src/rp2_common/hardware_flash/flash.c.o
[ 80%] Building C object CMakeFiles/coqui_mjs.dir/Users/arturomena/pico-sdk/src/rp2_common/hardware_xip_cache/xip_cache.c.o
[ 81%] Building C object CMakeFiles/coqui_mjs.dir/Users/arturomena/pico-sdk/lib/tinyusb/src/portable/raspberrypi/rp2040/dcd_rp2040.c.o
[ 82%] Building C object CMakeFiles/coqui_mjs.dir/Users/arturomena/pico-sdk/lib/tinyusb/src/portable/raspberrypi/rp2040/rp2040_usb.c.o
[ 83%] Building C object CMakeFiles/coqui_mjs.dir/Users/arturomena/pico-sdk/lib/tinyusb/src/device/usbd.c.o
[ 84%] Building C object CMakeFiles/coqui_mjs.dir/Users/arturomena/pico-sdk/lib/tinyusb/src/device/usbd_control.c.o
[ 84%] Building C object CMakeFiles/coqui_mjs.dir/Users/arturomena/pico-sdk/lib/tinyusb/src/class/audio/audio_device.c.o
[ 85%] Building C object CMakeFiles/coqui_mjs.dir/Users/arturomena/pico-sdk/lib/tinyusb/src/class/cdc/cdc_device.c.o
[ 86%] Building C object CMakeFiles/coqui_mjs.dir/Users/arturomena/pico-sdk/lib/tinyusb/src/class/dfu/dfu_device.c.o
[ 87%] Building C object CMakeFiles/coqui_mjs.dir/Users/arturomena/pico-sdk/lib/tinyusb/src/class/dfu/dfu_rt_device.c.o
[ 88%] Building C object CMakeFiles/coqui_mjs.dir/Users/arturomena/pico-sdk/lib/tinyusb/src/class/hid/hid_device.c.o
[ 90%] Building C object CMakeFiles/coqui_mjs.dir/Users/arturomena/pico-sdk/lib/tinyusb/src/class/midi/midi_device.c.o
[ 91%] Building C object CMakeFiles/coqui_mjs.dir/Users/arturomena/pico-sdk/lib/tinyusb/src/class/msc/msc_device.c.o
[ 92%] Building C object CMakeFiles/coqui_mjs.dir/Users/arturomena/pico-sdk/lib/tinyusb/src/class/net/ecm_rndis_device.c.o
[ 92%] Building C object CMakeFiles/coqui_mjs.dir/Users/arturomena/pico-sdk/lib/tinyusb/src/class/net/ncm_device.c.o
[ 93%] Building C object CMakeFiles/coqui_mjs.dir/Users/arturomena/pico-sdk/lib/tinyusb/src/class/usbtmc/usbtmc_device.c.o
[ 94%] Building C object CMakeFiles/coqui_mjs.dir/Users/arturomena/pico-sdk/lib/tinyusb/src/class/vendor/vendor_device.c.o
[ 95%] Building C object CMakeFiles/coqui_mjs.dir/Users/arturomena/pico-sdk/lib/tinyusb/src/class/video/video_device.c.o
[ 96%] Building C object CMakeFiles/coqui_mjs.dir/Users/arturomena/pico-sdk/lib/tinyusb/src/tusb.c.o
[ 97%] Building C object CMakeFiles/coqui_mjs.dir/Users/arturomena/pico-sdk/lib/tinyusb/src/common/tusb_fifo.c.o
[ 98%] Building C object CMakeFiles/coqui_mjs.dir/Users/arturomena/pico-sdk/src/rp2_common/pico_fix/rp2040_usb_device_enumeration/rp2040_usb_device_enumeration.c.o
[100%] Linking CXX executable coqui_mjs.elf
[100%] Built target coqui_mjs
